

******** <class 'pyscf.scf.hf.RHF'> ********
method = RHF
initial guess = minao
damping factor = 0
level_shift factor = 0
DIIS = <class 'pyscf.scf.diis.CDIIS'>
diis_start_cycle = 1
diis_space = 8
diis_damp = 0
SCF conv_tol = 1e-09
SCF conv_tol_grad = None
SCF max_cycles = 50
direct_scf = True
direct_scf_tol = 1e-13
chkfile to save SCF result = /big/scratch/pyscf/tmp_fz6s4l2
max_memory 15000 MB (current use 284 MB)
cond(S) = 15.776288869065693
Set gradient conv threshold to 3.16228e-05
Initial guess from minao.
Nelec from initial guess = 240.5649239960302
E1 = -8899.371106659222  E_coul = 3827.170129001987
init E= -1861.33854978216
    CPU time for initialize scf     24.77 sec, wall time      2.05 sec
  HOMO = -0.168645809352747  LUMO = -0.110805199854245
  mo_energy =
[-1.04031885e+02 -2.06598846e+01 -2.06430993e+01 -1.56149373e+01
 -1.56100753e+01 -1.55857727e+01 -1.55857326e+01 -1.55729669e+01
 -1.55499716e+01 -1.55379033e+01 -1.12111250e+01 -1.12086915e+01
 -1.12079900e+01 -1.11976951e+01 -1.11963769e+01 -1.11960708e+01
 -1.11935014e+01 -1.11935007e+01 -1.11913853e+01 -1.11870655e+01
 -1.11869754e+01 -1.11867031e+01 -1.11866545e+01 -1.11840775e+01
 -1.11820197e+01 -1.11766419e+01 -1.11733641e+01 -1.11724880e+01
 -1.11655103e+01 -1.11594831e+01 -1.11500873e+01 -1.11459031e+01
 -1.11367481e+01 -1.06793616e+01 -8.11871868e+00 -8.11664943e+00
 -8.11660481e+00 -1.98071072e+00 -1.91229169e+00 -1.89823807e+00
 -1.82049897e+00 -1.70123287e+00 -1.68928988e+00 -1.63245778e+00
 -1.61626505e+00 -1.56072671e+00 -1.47143548e+00 -1.41652369e+00
 -1.40405991e+00 -1.37351822e+00 -1.35009403e+00 -1.32484847e+00
 -1.31231191e+00 -1.26816199e+00 -1.20030126e+00 -1.16639118e+00
 -1.09008163e+00 -1.04536602e+00 -1.02693130e+00 -9.78660676e-01
 -9.57395869e-01 -9.37680024e-01 -9.21541482e-01 -9.07708244e-01
 -8.82204630e-01 -8.73435355e-01 -8.56075288e-01 -8.00936590e-01
 -7.50930586e-01 -7.29024095e-01 -7.16999768e-01 -7.00025491e-01
 -6.92909814e-01 -6.81610437e-01 -6.71129779e-01 -6.55793245e-01
 -6.40641815e-01 -6.32273239e-01 -6.19325177e-01 -6.09914056e-01
 -6.00411252e-01 -5.94315924e-01 -5.90681250e-01 -5.89402766e-01
 -5.74455966e-01 -5.59061057e-01 -5.57863742e-01 -5.42114427e-01
 -5.37118522e-01 -5.33852152e-01 -5.26780668e-01 -5.23703933e-01
 -5.03975392e-01 -5.02549080e-01 -4.92052503e-01 -4.88481900e-01
 -4.82883417e-01 -4.66471590e-01 -4.57319326e-01 -4.55017591e-01
 -4.40858482e-01 -4.32091409e-01 -4.29134859e-01 -4.20445061e-01
 -4.12210500e-01 -4.04494194e-01 -3.91418225e-01 -3.90177904e-01
 -3.80622082e-01 -3.63031929e-01 -3.58673093e-01 -3.37291504e-01
 -3.16344152e-01 -3.12230279e-01 -2.97415080e-01 -2.68087908e-01
 -2.60137375e-01 -2.44249926e-01 -2.06376318e-01 -1.88667013e-01
 -1.68645809e-01 -1.10805200e-01 -1.23751884e-02  9.07901558e-03
  5.09672245e-02  7.13923405e-02  8.70245310e-02  1.02208009e-01
  1.10972807e-01  1.28266712e-01  1.43309818e-01  2.43957569e-01
  2.76417860e-01  2.90815667e-01  3.01914791e-01  3.04841657e-01
  3.22425719e-01  3.39580731e-01  3.46593677e-01  3.55822047e-01
  3.61166842e-01  3.69643632e-01  3.82912619e-01  3.89803972e-01
  3.95265739e-01  3.96490742e-01  4.12393921e-01  4.19156192e-01
  4.20336397e-01  4.33157663e-01  4.41155495e-01  4.52393371e-01
  4.55935077e-01  4.63493310e-01  4.66235026e-01  4.73511131e-01
  4.83557983e-01  4.84825970e-01  5.05222898e-01  5.13043365e-01
  5.14314802e-01  5.15937764e-01  5.29071761e-01  5.29731921e-01
  5.36791178e-01  5.42546828e-01  5.52004432e-01  5.57710536e-01
  5.68990708e-01  5.79020152e-01  5.79539417e-01  5.92788435e-01
  5.97117181e-01  5.98178777e-01  6.28159388e-01  6.44244671e-01
  6.51539890e-01  6.73954341e-01  6.78705882e-01  6.93123469e-01
  7.06273269e-01  7.10026767e-01  7.33305553e-01  7.46513768e-01
  7.85553109e-01  7.88789138e-01  8.14357067e-01  8.38796495e-01
  8.76913379e-01  9.12893835e-01  9.99316244e-01]
E1 = -8930.573150193213  E_coul = 3869.106181192344
cycle= 1 E= -1850.60454112579  delta_E= 10.7  |g|= 1.21  |ddm|= 10.7
    CPU time for cycle= 1      1.42 sec, wall time      0.07 sec
diis-norm(errvec)=1.71038
diis-c [-2.92539563  1.        ]
  HOMO = -0.0889693710578141  LUMO = 0.0914782636413609
  mo_energy =
[-1.03608004e+02 -1.97171338e+01 -1.96926293e+01 -1.57134081e+01
 -1.54436815e+01 -1.54288804e+01 -1.54221922e+01 -1.53097783e+01
 -1.51911612e+01 -1.51714103e+01 -1.13545272e+01 -1.13081727e+01
 -1.12327807e+01 -1.12268086e+01 -1.12225160e+01 -1.12024820e+01
 -1.11964383e+01 -1.11950377e+01 -1.11916542e+01 -1.11699146e+01
 -1.11432335e+01 -1.11381812e+01 -1.11357901e+01 -1.11280312e+01
 -1.11262423e+01 -1.11225831e+01 -1.11199800e+01 -1.11096735e+01
 -1.10710803e+01 -1.10145761e+01 -1.10068497e+01 -1.09782643e+01
 -1.09320439e+01 -1.03030358e+01 -7.74718930e+00 -7.74155077e+00
 -7.74150978e+00 -1.42362724e+00 -1.31427978e+00 -1.28554897e+00
 -1.27617284e+00 -1.20337564e+00 -1.18849357e+00 -1.15295991e+00
 -1.13363173e+00 -1.13064476e+00 -1.09861514e+00 -1.06144163e+00
 -1.05299727e+00 -1.05025453e+00 -1.03606019e+00 -1.02723349e+00
 -9.88557835e-01 -9.81939579e-01 -9.55136771e-01 -9.44846075e-01
 -9.08993099e-01 -9.01191515e-01 -8.80439864e-01 -8.41919074e-01
 -8.35478908e-01 -8.24105654e-01 -8.02729763e-01 -7.92688578e-01
 -7.88787464e-01 -7.63094929e-01 -7.53281761e-01 -7.45728278e-01
 -7.21134290e-01 -7.07202616e-01 -6.91492856e-01 -6.84365530e-01
 -6.76763798e-01 -6.56971420e-01 -6.52225620e-01 -6.39727989e-01
 -6.27717738e-01 -6.18278731e-01 -6.16421103e-01 -6.04798255e-01
 -6.02427421e-01 -5.96152225e-01 -5.89826761e-01 -5.75882599e-01
 -5.71700944e-01 -5.68859689e-01 -5.60063779e-01 -5.52992572e-01
 -5.37803114e-01 -5.33173623e-01 -5.23411354e-01 -5.18881689e-01
 -5.16670719e-01 -5.11830889e-01 -5.04340183e-01 -5.02900633e-01
 -5.00736279e-01 -4.95772775e-01 -4.80424357e-01 -4.65930649e-01
 -4.54743400e-01 -4.39050346e-01 -4.28076280e-01 -4.23358574e-01
 -3.79733502e-01 -3.63139704e-01 -3.61138583e-01 -3.51151326e-01
 -3.04831192e-01 -3.02439170e-01 -2.97367888e-01 -2.88712538e-01
 -2.81036997e-01 -2.71944378e-01 -2.53635067e-01 -2.47726930e-01
 -2.18131626e-01 -2.02242694e-01 -1.81558119e-01 -1.11390400e-01
 -8.89693711e-02  9.14782636e-02  1.32550221e-01  1.79605349e-01
  2.10489070e-01  2.27068375e-01  2.97839135e-01  3.28676169e-01
  3.36332930e-01  3.42886648e-01  3.55598328e-01  3.98763626e-01
  4.47961215e-01  4.67515343e-01  4.71123147e-01  4.78209588e-01
  4.80345675e-01  4.87323932e-01  4.94812233e-01  5.13189662e-01
  5.24623733e-01  5.31042948e-01  5.35598963e-01  5.38436187e-01
  5.59098398e-01  5.70341305e-01  5.80904690e-01  5.84210799e-01
  5.95734377e-01  6.01359068e-01  6.11032844e-01  6.18514206e-01
  6.32564181e-01  6.38443775e-01  6.40055539e-01  6.49904469e-01
  6.51477190e-01  6.54354875e-01  6.62920432e-01  6.71496939e-01
  6.73012815e-01  6.79844804e-01  6.82453617e-01  6.83785257e-01
  6.92004314e-01  6.98065204e-01  7.02181633e-01  7.04702867e-01
  7.16842004e-01  7.25593958e-01  7.26265075e-01  7.35780120e-01
  7.45557786e-01  7.62617023e-01  7.80833097e-01  7.94958915e-01
  8.18569453e-01  8.22313660e-01  8.50210550e-01  8.51350077e-01
  8.74420466e-01  8.94124907e-01  9.00475075e-01  9.55136615e-01
  9.81420665e-01  1.01374439e+00  1.04592360e+00  1.04786602e+00
  1.07202234e+00  1.10979585e+00  1.14767126e+00]
E1 = -8933.893672608347  E_coul = 3872.0099440478884
cycle= 2 E= -1851.02130068538  delta_E= -0.417  |g|= 0.846  |ddm|=  2.7
    CPU time for cycle= 2      1.54 sec, wall time      0.07 sec
diis-norm(errvec)=1.19685
diis-c [-0.32114681  0.39512951  0.60487049]
  HOMO = -0.21229433239316  LUMO = 0.115440182353921
  mo_energy =
[-103.65349641  -20.20487972  -20.20008318  -15.55887673  -15.42819156
  -15.42488243  -15.35617085  -15.33253702  -15.32506403  -15.29307587
  -11.14388292  -11.12983529  -11.12497313  -11.11688747  -11.11298754
  -11.11163976  -11.10336524  -11.09656207  -11.09408166  -11.09228893
  -11.09179989  -11.09117149  -11.08798115  -11.08263524  -11.07718907
  -11.07294137  -11.06726764  -11.06618532  -11.03596086  -11.02456189
  -11.01406093  -11.01403476  -11.00047779  -10.340354     -7.78442733
   -7.77904273   -7.77898897   -1.39650589   -1.29413448   -1.28070532
   -1.27035508   -1.20552323   -1.18937505   -1.17423304   -1.17191207
   -1.1046709    -1.07833233   -1.02913457   -1.02882762   -1.02262949
   -1.01759909   -0.97809789   -0.96938327   -0.95377941   -0.93306173
   -0.92395588   -0.87227667   -0.86202356   -0.83190417   -0.8158061
   -0.79036959   -0.78719533   -0.77522869   -0.76722468   -0.75705429
   -0.74364313   -0.73240261   -0.69031408   -0.68657497   -0.66382554
   -0.6634147    -0.65984293   -0.63228121   -0.62997973   -0.61704326
   -0.61565782   -0.6083563    -0.59281123   -0.58996598   -0.57934826
   -0.567178     -0.56151179   -0.55750133   -0.55408093   -0.5451815
   -0.53916868   -0.53659735   -0.52987225   -0.52173516   -0.51167877
   -0.50770476   -0.50041178   -0.49581359   -0.49240825   -0.48690691
   -0.47764722   -0.46935689   -0.4634844    -0.4554086    -0.4513092
   -0.44877024   -0.4434219    -0.43314883   -0.41921541   -0.40937695
   -0.40532826   -0.39585077   -0.39210268   -0.37531171   -0.36905538
   -0.34728832   -0.32411887   -0.30537111   -0.29998673   -0.29736355
   -0.27655855   -0.26575037   -0.24231192   -0.23870304   -0.21513121
   -0.21229433    0.11544018    0.1538947     0.1959447     0.2317785
    0.25205533    0.30083946    0.32945197    0.33549573    0.3456194
    0.37333116    0.42634744    0.47860436    0.50727245    0.52006602
    0.53187752    0.53733615    0.54259753    0.54948348    0.55127028
    0.56967263    0.57062698    0.57639369    0.58314068    0.59024613
    0.59538958    0.62185444    0.62782263    0.63488063    0.63784153
    0.64533654    0.64716456    0.65624595    0.66799342    0.67641697
    0.67826843    0.68350473    0.69177346    0.69733018    0.70623065
    0.71023294    0.7188767     0.71942481    0.72448294    0.73324474
    0.73553317    0.74563954    0.74780083    0.75384764    0.75675309
    0.76574987    0.77429025    0.77683925    0.80398675    0.80922646
    0.82646997    0.84155647    0.85052279    0.88222516    0.89312922
    0.90553729    0.91510785    0.9181157     0.95571326    0.99570576
    1.00220699    1.01167999    1.03054646    1.0619129     1.10342277
    1.16775426]
E1 = -8931.6607086227  E_coul = 3869.5828511716595
cycle= 3 E= -1851.21542957597  delta_E= -0.194  |g|= 0.135  |ddm|=  1.1
    CPU time for cycle= 3      1.47 sec, wall time      0.07 sec
diis-norm(errvec)=0.190513
diis-c [-0.02749701 -0.07509428 -0.03367233  1.10876661]
  HOMO = -0.215836560087732  LUMO = 0.116503667647936
  mo_energy =
[-103.69808015  -20.20148607  -20.19887174  -15.50351755  -15.43097512
  -15.41604594  -15.38456148  -15.38232786  -15.37865359  -15.35604914
  -11.16384933  -11.15097315  -11.11009515  -11.10866338  -11.10827739
  -11.10312184  -11.09723464  -11.0971929   -11.08939258  -11.08204838
  -11.08197458  -11.07974997  -11.07908183  -11.07673648  -11.07489495
  -11.06936283  -11.06822303  -11.06659517  -11.03921136  -11.0377657
  -11.03467501  -11.02484868  -11.01565144  -10.37978609   -7.82388204
   -7.81846947   -7.81840072   -1.38270537   -1.30802437   -1.29392012
   -1.25789905   -1.2001444    -1.19323463   -1.18754465   -1.1816292
   -1.10208026   -1.07885185   -1.03625959   -1.02349362   -1.02071832
   -1.01419912   -0.98156073   -0.96935914   -0.95954569   -0.93310154
   -0.9194993    -0.86531488   -0.86014609   -0.8390116    -0.81213234
   -0.79155092   -0.78653096   -0.77884654   -0.76252291   -0.75201977
   -0.74436004   -0.73682632   -0.70284381   -0.68295775   -0.67104486
   -0.65976427   -0.65428284   -0.63382635   -0.62497654   -0.62120839
   -0.61663913   -0.60708009   -0.59365762   -0.59181225   -0.57871803
   -0.56620067   -0.56517803   -0.5599138    -0.55622525   -0.54903468
   -0.5431422    -0.53687847   -0.53526925   -0.52847403   -0.51631429
   -0.51154043   -0.50345282   -0.50044421   -0.4934002    -0.49241122
   -0.48701866   -0.47486135   -0.46494438   -0.46378767   -0.45797296
   -0.45404454   -0.45154232   -0.43418095   -0.43051635   -0.42298912
   -0.40797631   -0.40160039   -0.39858341   -0.39489062   -0.37450235
   -0.34941846   -0.33264049   -0.3233874    -0.31473134   -0.29978045
   -0.29804878   -0.2719078    -0.26420215   -0.23971538   -0.22372506
   -0.21583656    0.11650367    0.16342104    0.20454522    0.23837724
    0.25968163    0.30023964    0.32984032    0.33305152    0.34777788
    0.3701321     0.43195379    0.48503751    0.51917334    0.52124613
    0.53015043    0.53450611    0.53881575    0.54912613    0.56019385
    0.56113555    0.5762935     0.57803609    0.58486418    0.60122188
    0.60299253    0.62451054    0.63406215    0.63636692    0.6395251
    0.6439677     0.64687188    0.66151761    0.67369163    0.67772724
    0.68332795    0.68621128    0.69681468    0.70035004    0.70409327
    0.70870798    0.72337735    0.72466074    0.7251169     0.72939127
    0.73455239    0.74400637    0.75059311    0.75627488    0.76344672
    0.76877688    0.77338245    0.78323181    0.78954055    0.81588252
    0.82602676    0.84391099    0.85263724    0.87581801    0.88881658
    0.89174292    0.90814782    0.92163255    0.95780333    0.98091466
    1.00889498    1.01257707    1.01932556    1.06581583    1.10861086
    1.16685372]
E1 = -8931.617970302545  E_coul = 3869.5284498645983
cycle= 4 E= -1851.22709256287  delta_E= -0.0117  |g|= 0.059  |ddm|= 0.343
    CPU time for cycle= 4      1.45 sec, wall time      0.07 sec
diis-norm(errvec)=0.0835019
diis-c [-0.00325704 -0.04295092 -0.06583354  0.23107956  0.8777049 ]
  HOMO = -0.216214949351313  LUMO = 0.117162685992778
  mo_energy =
[-103.70191684  -20.22707652  -20.21455666  -15.53042249  -15.42558455
  -15.41999503  -15.36919494  -15.3661894   -15.3491345   -15.34314255
  -11.15689087  -11.1454552   -11.1176653   -11.11693663  -11.11409456
  -11.10687076  -11.10519102  -11.0986217   -11.09377623  -11.08906805
  -11.08894145  -11.08777379  -11.08285915  -11.07711543  -11.07499643
  -11.07094467  -11.06930341  -11.06439198  -11.03689927  -11.0362111
  -11.02660449  -11.02450638  -11.00258655  -10.38346184   -7.82760084
   -7.82210645   -7.82203675   -1.38785875   -1.31061893   -1.29935294
   -1.26019679   -1.20070594   -1.18728737   -1.18568503   -1.18063008
   -1.1028075    -1.08138051   -1.0332746    -1.02370544   -1.02175381
   -1.01395542   -0.97956396   -0.96832542   -0.95842471   -0.93420912
   -0.91995259   -0.86644112   -0.85992012   -0.83662273   -0.81247337
   -0.78953758   -0.78672526   -0.77688805   -0.76364235   -0.75244244
   -0.74123172   -0.73617454   -0.69910019   -0.68396715   -0.66887435
   -0.66106063   -0.65492432   -0.63319416   -0.6262789    -0.62543249
   -0.61694919   -0.60770984   -0.59448314   -0.59081918   -0.57917592
   -0.56620409   -0.56414829   -0.56039704   -0.55664958   -0.54977498
   -0.54282057   -0.53705108   -0.53531313   -0.52765448   -0.51582937
   -0.51058216   -0.50442487   -0.50131392   -0.4957826    -0.49288504
   -0.4875603    -0.47631363   -0.46751604   -0.46675269   -0.45872446
   -0.45350686   -0.45164778   -0.433892     -0.43050561   -0.42331034
   -0.40834152   -0.40280469   -0.39763803   -0.39712616   -0.37358522
   -0.34823383   -0.33213298   -0.32964266   -0.32692141   -0.30093518
   -0.29683248   -0.26968418   -0.26583101   -0.24080431   -0.22380967
   -0.21621495    0.11716269    0.16331836    0.20498662    0.23732174
    0.25703777    0.30180696    0.33020571    0.33440789    0.34910577
    0.36595679    0.43040626    0.48455341    0.51669285    0.52555527
    0.53129638    0.53598932    0.54220826    0.55004996    0.55943171
    0.56388575    0.57674372    0.57935692    0.58656455    0.59986864
    0.60214815    0.62542469    0.63446991    0.63776799    0.63991892
    0.64373587    0.64820641    0.66427707    0.67478201    0.67624582
    0.6837682     0.68534097    0.69709034    0.6986275     0.70475764
    0.710091      0.72367769    0.72466033    0.7253646     0.73153763
    0.73555884    0.74520426    0.7508966     0.75730879    0.76298527
    0.76813944    0.77483143    0.78215918    0.79351903    0.8145418
    0.82697756    0.8440892     0.85312082    0.87956735    0.89178781
    0.8957051     0.90725384    0.92112319    0.95759246    0.97834308
    1.00631021    1.0124458     1.01851829    1.06459265    1.10808844
    1.16668744]
E1 = -8931.552855606715  E_coul = 3869.4613055247387
cycle= 5 E= -1851.2291222069  delta_E= -0.00203  |g|= 0.0245  |ddm|= 0.125
    CPU time for cycle= 5      1.49 sec, wall time      0.07 sec
diis-norm(errvec)=0.0346029
diis-c [-5.77941570e-04  2.48066942e-02  8.45033271e-03 -1.73641549e-01
 -2.26695093e-01  1.36707962e+00]
  HOMO = -0.216873083534837  LUMO = 0.117602874012631
  mo_energy =
[-103.70078353  -20.2275817   -20.21539443  -15.52449282  -15.43037772
  -15.41666746  -15.37280326  -15.36033986  -15.34838535  -15.34759646
  -11.15265176  -11.1464578   -11.11950014  -11.11527299  -11.11253394
  -11.10690468  -11.1019339   -11.10071122  -11.09051253  -11.08753906
  -11.08676551  -11.08442497  -11.08240067  -11.07941927  -11.07375906
  -11.07195355  -11.06949811  -11.06497503  -11.04024472  -11.03235782
  -11.02982889  -11.02772934  -11.00790636  -10.38244391   -7.82660167
   -7.82107389   -7.82101017   -1.38670431   -1.31048701   -1.29967288
   -1.26040924   -1.20088755   -1.18700722   -1.18564874   -1.1792719
   -1.10250073   -1.08057947   -1.0334864    -1.02397088   -1.02111983
   -1.01338962   -0.97963323   -0.96860122   -0.95843192   -0.93421108
   -0.91984174   -0.86531504   -0.85923167   -0.83631343   -0.81251263
   -0.78959352   -0.78628727   -0.77672072   -0.76343718   -0.75270099
   -0.74032407   -0.73581683   -0.69866842   -0.68359552   -0.66905651
   -0.66034895   -0.65394703   -0.63279468   -0.62725308   -0.62464942
   -0.61677433   -0.6074755    -0.59465861   -0.59041466   -0.57886706
   -0.56574961   -0.56423606   -0.56035753   -0.55698044   -0.5498964
   -0.54246396   -0.53647967   -0.53433123   -0.52783148   -0.51588395
   -0.51213323   -0.50414528   -0.50042061   -0.49531789   -0.49251773
   -0.48720332   -0.47594265   -0.4679363    -0.46650896   -0.45900562
   -0.45387984   -0.45192627   -0.43308998   -0.42994611   -0.42240057
   -0.4078315    -0.40257764   -0.39918053   -0.39680399   -0.37493479
   -0.34936761   -0.33437561   -0.33123834   -0.32897871   -0.30111244
   -0.29438223   -0.26953333   -0.26636304   -0.24119583   -0.22344661
   -0.21687308    0.11760287    0.16470055    0.20453907    0.23776481
    0.25652146    0.30232646    0.32941185    0.33368349    0.34840601
    0.36645575    0.43093508    0.48334568    0.51697612    0.52594899
    0.53191695    0.53612363    0.54208384    0.55053843    0.56035519
    0.56344335    0.57644732    0.5793854     0.58721476    0.60096156
    0.60289394    0.62525409    0.6343562     0.63724152    0.63892408
    0.64416903    0.64837802    0.66251738    0.67472198    0.67609247
    0.6836607     0.68590649    0.69697532    0.69902914    0.70464186
    0.70999217    0.72455753    0.72538186    0.72585981    0.73193267
    0.73511518    0.74492379    0.75072104    0.75718955    0.76380517
    0.76804454    0.77514421    0.78099418    0.79351176    0.81482657
    0.82659948    0.84346554    0.85330031    0.88079774    0.89171315
    0.895448      0.9072422     0.92086472    0.95828476    0.97714287
    1.00709165    1.01283782    1.0183992     1.06353257    1.10598618
    1.16700557]
E1 = -8931.53616501419  E_coul = 3869.443996293645
cycle= 6 E= -1851.22974084547  delta_E= -0.000619  |g|= 0.0111  |ddm|= 0.0848
    CPU time for cycle= 6      1.45 sec, wall time      0.07 sec
diis-norm(errvec)=0.0157283
diis-c [-9.85568460e-05  1.43134864e-02  1.00885267e-02 -7.12745777e-02
 -2.12511622e-01  2.56027767e-01  1.00335642e+00]
  HOMO = -0.216536178996164  LUMO = 0.117966430756239
  mo_energy =
[-103.70134673  -20.23497527  -20.21784183  -15.52304679  -15.43016093
  -15.41841784  -15.37428187  -15.36209966  -15.34925694  -15.34856948
  -11.15216531  -11.14442261  -11.11675288  -11.11403674  -11.1131391
  -11.10627214  -11.10115274  -11.09908439  -11.09186748  -11.08685176
  -11.08643841  -11.08595939  -11.08230208  -11.07576793  -11.07541452
  -11.07102917  -11.06899277  -11.0640679   -11.03799377  -11.03218515
  -11.02890372  -11.02637318  -11.00570441  -10.38294721   -7.82710783
   -7.82157564   -7.82151134   -1.38635608   -1.31205399   -1.30154981
   -1.26026255   -1.20064511   -1.18713851   -1.18578308   -1.17961508
   -1.10202816   -1.08041893   -1.03320353   -1.02338297   -1.02095352
   -1.01334545   -0.97929452   -0.96808093   -0.95809318   -0.93387138
   -0.91965984   -0.86498927   -0.85900972   -0.83609265   -0.81209941
   -0.7892625    -0.78579037   -0.77653071   -0.76312363   -0.75222113
   -0.74039093   -0.73577237   -0.6985308    -0.68323286   -0.66885772
   -0.65999532   -0.6534155    -0.63287209   -0.62746993   -0.62440167
   -0.6166577    -0.60723761   -0.59439166   -0.59032962   -0.57879535
   -0.56543373   -0.56402784   -0.56002881   -0.55714886   -0.54980021
   -0.54240458   -0.53603002   -0.53426741   -0.52764748   -0.5158129
   -0.51127732   -0.50446662   -0.50026      -0.4955269    -0.4925455
   -0.48712913   -0.47631117   -0.46885671   -0.46666075   -0.4588762
   -0.45347141   -0.45174417   -0.43318788   -0.42983818   -0.42283145
   -0.40747329   -0.40271045   -0.39915462   -0.39694373   -0.3750691
   -0.34863426   -0.33445078   -0.33419116   -0.3310423    -0.30124583
   -0.29518435   -0.27059946   -0.26601226   -0.2408331    -0.22318929
   -0.21653618    0.11796643    0.16544668    0.20520659    0.23799558
    0.25704933    0.30224834    0.32913304    0.33404313    0.34874223
    0.36616858    0.43132436    0.48425622    0.5172926     0.52605977
    0.53184663    0.53621528    0.5423772     0.55041293    0.56086182
    0.56393539    0.57709149    0.5796225     0.58712372    0.60126249
    0.60307446    0.62567348    0.63467735    0.63753881    0.6391503
    0.64437548    0.64856875    0.66346118    0.67495521    0.67654538
    0.68400827    0.68593312    0.69727205    0.69933316    0.70506206
    0.71030282    0.7248769     0.72551857    0.72602387    0.73229685
    0.7356391     0.74524992    0.75101176    0.75743204    0.76428219
    0.76843509    0.77533179    0.78169461    0.79383975    0.81521758
    0.82694319    0.84413038    0.85359794    0.88080728    0.89215289
    0.89579057    0.90730575    0.9213455     0.95860369    0.9760452
    1.00753192    1.01253317    1.01845174    1.06448182    1.10721755
    1.16776178]
E1 = -8931.489798006178  E_coul = 3869.397515465336
cycle= 7 E= -1851.22985466577  delta_E= -0.000114  |g|= 0.00473  |ddm|= 0.0375
    CPU time for cycle= 7      1.47 sec, wall time      0.07 sec
diis-norm(errvec)=0.00668908
diis-c [-2.83720795e-05 -1.46196503e-03 -1.41178219e-03  1.75226355e-02
  9.53448005e-03 -1.76607279e-01  7.23937984e-02  1.08003011e+00]
  HOMO = -0.216677008768269  LUMO = 0.117986473033758
  mo_energy =
[-103.70197181  -20.23742706  -20.22090106  -15.52356087  -15.43047608
  -15.41816224  -15.37405041  -15.36215949  -15.34875967  -15.34872557
  -11.15209137  -11.14533758  -11.11663522  -11.11376499  -11.11360037
  -11.1061491   -11.10042614  -11.09896525  -11.09178574  -11.08625252
  -11.08597108  -11.08588629  -11.08204213  -11.07627612  -11.0750866
  -11.07091176  -11.06895988  -11.06417178  -11.03890396  -11.03116474
  -11.03032825  -11.02706321  -11.00595173  -10.38349758   -7.82765463
   -7.82212874   -7.82206367   -1.38657388   -1.31320644   -1.30279906
   -1.26014924   -1.20071315   -1.18744364   -1.18566135   -1.17970123
   -1.10224801   -1.08059415   -1.0333296    -1.02356347   -1.0209556
   -1.01326493   -0.9793734    -0.96828034   -0.95822662   -0.93401252
   -0.91957752   -0.86496692   -0.85897656   -0.83610279   -0.81215832
   -0.78927268   -0.78590724   -0.77654168   -0.7631541    -0.75237894
   -0.74042635   -0.73581861   -0.69865717   -0.6832358    -0.66890559
   -0.66000363   -0.65325548   -0.63303694   -0.62806665   -0.62468266
   -0.61669706   -0.60731121   -0.59443087   -0.59038946   -0.5788184
   -0.56540286   -0.56411533   -0.56011102   -0.55738876   -0.54990981
   -0.54256534   -0.53606366   -0.53392737   -0.52771691   -0.51587815
   -0.51148842   -0.50495028   -0.50038009   -0.49563566   -0.49271598
   -0.48733645   -0.47667595   -0.46951957   -0.46675842   -0.45914301
   -0.45349327   -0.45187997   -0.4334651    -0.42987839   -0.42335269
   -0.40766578   -0.40274091   -0.39930589   -0.3972246    -0.37521072
   -0.3487747    -0.33557858   -0.33439288   -0.33231049   -0.30140502
   -0.29586401   -0.27125901   -0.2660934    -0.24088843   -0.2233807
   -0.21667701    0.11798647    0.16561616    0.20524603    0.23807316
    0.25703567    0.30200681    0.32870638    0.33405566    0.34874474
    0.36606892    0.43120042    0.48415501    0.51711138    0.52611011
    0.53199507    0.53623556    0.5423355     0.55048713    0.56092938
    0.5637276     0.57697448    0.57970662    0.58718024    0.60133145
    0.60322665    0.62565622    0.634683      0.63730411    0.63883396
    0.64436491    0.64861486    0.66335882    0.67495404    0.67651138
    0.68404007    0.68599798    0.69708884    0.69933125    0.70508295
    0.71039325    0.7253967     0.72559993    0.72613431    0.73253911
    0.73574619    0.74521734    0.75106113    0.75748669    0.76442094
    0.76851993    0.77538643    0.78170064    0.79362396    0.81522962
    0.82697863    0.84403989    0.85365311    0.88077979    0.8920199
    0.8953379     0.90742599    0.92131927    0.95858412    0.9751257
    1.00746789    1.01208407    1.01840632    1.06435157    1.10708318
    1.16739463]
E1 = -8931.490325839339  E_coul = 3869.3980225061678
cycle= 8 E= -1851.2298754581  delta_E= -2.08e-05  |g|= 0.00191  |ddm|= 0.0152
    CPU time for cycle= 8      1.72 sec, wall time      0.08 sec
diis-norm(errvec)=0.00270677
diis-c [-4.06650241e-06 -2.92377477e-03 -2.41223072e-03  1.55627880e-02
  4.85682209e-02 -6.99360653e-02 -2.18986088e-01  1.08132890e-01
  1.12199426e+00]
  HOMO = -0.216597891628901  LUMO = 0.117975809352302
  mo_energy =
[-103.70202407  -20.23805142  -20.22102242  -15.52319644  -15.43095316
  -15.41805941  -15.37441783  -15.3620579   -15.34921767  -15.34837849
  -11.15237585  -11.14529802  -11.11692622  -11.11390034  -11.11311431
  -11.10632415  -11.10040723  -11.09915701  -11.09157838  -11.08617909
  -11.08594849  -11.08538123  -11.08216171  -11.07612477  -11.07507655
  -11.07108262  -11.06907424  -11.06407256  -11.03882586  -11.0309039
  -11.03061521  -11.02681421  -11.00589395  -10.38353787   -7.82769372
   -7.82217022   -7.8221042    -1.38648524   -1.31337821   -1.30298871
   -1.26022507   -1.20075599   -1.18746267   -1.1857533    -1.17977657
   -1.10208481   -1.08047253   -1.03335862   -1.02351234   -1.02089182
   -1.01332277   -0.97938634   -0.96820605   -0.95822533   -0.93395885
   -0.91962206   -0.86488195   -0.85894655   -0.83610948   -0.812128
   -0.78928107   -0.78580763   -0.77658095   -0.76311522   -0.75232551
   -0.74044262   -0.73582396   -0.69868439   -0.68316476   -0.66894992
   -0.65989705   -0.65317368   -0.63307968   -0.62809218   -0.62459257
   -0.61670366   -0.60729509   -0.59447713   -0.59042601   -0.57886994
   -0.56537133   -0.56413068   -0.5600862    -0.5574564    -0.5499569
   -0.54260044   -0.53603041   -0.53394725   -0.52772129   -0.51589663
   -0.51146551   -0.50500427   -0.50025176   -0.49569268   -0.49280659
   -0.48736293   -0.47676469   -0.46964731   -0.4667501    -0.4591607
   -0.45357308   -0.45195394   -0.43350726   -0.42985822   -0.42340595
   -0.40754906   -0.40279124   -0.39942199   -0.39723712   -0.37530427
   -0.34876445   -0.33578565   -0.33453512   -0.3323984    -0.30137993
   -0.29590015   -0.27121255   -0.26605233   -0.24085205   -0.22335251
   -0.21659789    0.11797581    0.16574334    0.20524175    0.23814597
    0.25706462    0.30192251    0.32870301    0.33407994    0.3487628
    0.36613763    0.43136852    0.4841865     0.51717674    0.52607105
    0.53194753    0.53618999    0.54230956    0.55046895    0.56105537
    0.56370504    0.57710946    0.57967086    0.58712937    0.60138275
    0.60329585    0.62562588    0.6346989     0.63731084    0.63882884
    0.64439183    0.6485625     0.66340914    0.67494534    0.67656956
    0.68401853    0.68600829    0.69708227    0.69938308    0.70507202
    0.71033301    0.72542924    0.72564228    0.72608253    0.73250153
    0.73568199    0.74515949    0.75100745    0.75744583    0.76450906
    0.76854475    0.77532555    0.78166896    0.79363579    0.8152838
    0.8269117     0.84412765    0.85370618    0.88074864    0.89204149
    0.89538244    0.90740836    0.92138386    0.95872335    0.97502155
    1.00759814    1.01202061    1.01838829    1.06442439    1.10705103
    1.16768859]
E1 = -8931.476712759188  E_coul = 3869.3844042702426
cycle= 9 E= -1851.22988061387  delta_E= -5.16e-06  |g|= 0.00125  |ddm|= 0.00863
    CPU time for cycle= 9      1.69 sec, wall time      0.08 sec
diis-norm(errvec)=0.00176854
diis-c [-1.45818536e-06  9.06139630e-01  1.33487984e-04 -2.59539097e-03
  6.27170300e-03  2.86774761e-02 -4.26894114e-02 -2.45981725e-01
  3.50044229e-01]
  HOMO = -0.216595680821169  LUMO = 0.118010981808284
  mo_energy =
[-103.70194952  -20.23789008  -20.22072743  -15.52302479  -15.43092036
  -15.41818938  -15.3744336   -15.36209689  -15.34929531  -15.34851812
  -11.15238725  -11.14533968  -11.11677335  -11.11401079  -11.11314217
  -11.10635184  -11.10039281  -11.09922696  -11.09178225  -11.08628613
  -11.08614957  -11.08538681  -11.08226113  -11.07604865  -11.07516337
  -11.07112852  -11.06910244  -11.06405567  -11.03875759  -11.03124367
  -11.03010849  -11.02680476  -11.00589693  -10.38347905   -7.82763535
   -7.82211104   -7.82204476   -1.38643557   -1.31333197   -1.30293048
   -1.2602546    -1.20073169   -1.18751224   -1.18580058   -1.17981297
   -1.10208544   -1.08048444   -1.03340889   -1.02351269   -1.0208849
   -1.01338258   -0.9794252    -0.96820656   -0.9582261    -0.93397392
   -0.9196638    -0.86489227   -0.85896878   -0.83610517   -0.81213558
   -0.78927934   -0.78578871   -0.77661048   -0.76313741   -0.75233088
   -0.74048245   -0.7358585    -0.69873173   -0.68318323   -0.66899536
   -0.65990738   -0.65316492   -0.63314046   -0.62818151   -0.62456148
   -0.61673696   -0.60730879   -0.59450239   -0.59047213   -0.57891103
   -0.56538779   -0.56415561   -0.56009685   -0.55748029   -0.54999097
   -0.54262587   -0.53601422   -0.53377934   -0.52771451   -0.51591122
   -0.51145911   -0.50498354   -0.5002642    -0.49572529   -0.49283586
   -0.48736374   -0.4767818    -0.46966968   -0.46678287   -0.45918169
   -0.45361627   -0.45198378   -0.43349637   -0.42984923   -0.42337796
   -0.40754438   -0.40280884   -0.39941546   -0.39722254   -0.37529788
   -0.34877062   -0.33574473   -0.33455331   -0.33230675   -0.30137674
   -0.2958375    -0.27117791   -0.26606838   -0.24086886   -0.22329645
   -0.21659568    0.11801098    0.16574878    0.20519371    0.2381309
    0.25704554    0.30187979    0.32864526    0.33404109    0.34875352
    0.36607385    0.43136038    0.48417611    0.51720091    0.52600591
    0.53188405    0.53613419    0.54224602    0.55040604    0.56107022
    0.56364151    0.57710808    0.57961662    0.58708117    0.60135869
    0.6032733     0.62558645    0.63466036    0.63721506    0.63876427
    0.64438757    0.64851286    0.66340761    0.67493123    0.67654174
    0.68399456    0.68597756    0.69707426    0.69937275    0.70505159
    0.71030405    0.72554789    0.72564837    0.72609513    0.73254649
    0.73565879    0.74511224    0.75095996    0.75740615    0.76450705
    0.76851207    0.77527784    0.78165124    0.7935757     0.81528915
    0.82686212    0.84411655    0.85369971    0.88069841    0.89200017
    0.8952918     0.90734589    0.9213642     0.95871939    0.97498019
    1.00759441    1.01201662    1.01835101    1.0644023     1.10706154
    1.16768927]
E1 = -8931.47626566197  E_coul = 3869.383956023149
cycle= 10 E= -1851.22988176375  delta_E= -1.15e-06  |g|= 0.000541  |ddm|= 0.003
    CPU time for cycle= 10      1.81 sec, wall time      0.08 sec
diis-norm(errvec)=0.000764884
diis-c [-3.75337948e-07 -2.15864408e-01  1.26761439e+00 -3.92207220e-04
 -5.75242390e-04  2.31307361e-03  2.11940518e-02 -4.56737158e-02
 -2.86159453e-02]
  HOMO = -0.21662288499557  LUMO = 0.118028731118334
  mo_energy =
[-103.70196645  -20.23783408  -20.22071929  -15.5231671   -15.43093935
  -15.4182148   -15.37437914  -15.36217262  -15.34919992  -15.34863564
  -11.15235324  -11.14536374  -11.11673976  -11.11392223  -11.11331508
  -11.10632443  -11.10030409  -11.09917151  -11.09178182  -11.08622288
  -11.08611264  -11.08542072  -11.08222419  -11.0761314   -11.07516338
  -11.07109476  -11.06908777  -11.06409511  -11.03890423  -11.03123274
  -11.03005881  -11.02690751  -11.00596604  -10.38349532   -7.82765171
   -7.82212729   -7.82206101   -1.38649634   -1.31331842   -1.30291346
   -1.26025082   -1.20075353   -1.18752652   -1.18578363   -1.17981529
   -1.10213246   -1.08051602   -1.03341311   -1.02354714   -1.02090566
   -1.01337687   -0.97942794   -0.96823788   -0.95821851   -0.93399719
   -0.91965857   -0.86490983   -0.85897734   -0.83610234   -0.81215452
   -0.78927328   -0.78582266   -0.77661045   -0.76315318   -0.75236618
   -0.74049549   -0.73587457   -0.69873883   -0.68320315   -0.66899947
   -0.65993056   -0.65316361   -0.63314428   -0.62819121   -0.62461809
   -0.61674491   -0.60732687   -0.5945056    -0.59048336   -0.5789117
   -0.56539732   -0.56415984   -0.56011288   -0.55747947   -0.54999484
   -0.54263191   -0.53602918   -0.5337371    -0.52771764   -0.51591596
   -0.51149054   -0.504981     -0.50029557   -0.49571653   -0.4928297
   -0.48736052   -0.47677393   -0.46966375   -0.46678808   -0.45920113
   -0.45361049   -0.45197994   -0.43349322   -0.42985302   -0.42337076
   -0.40759031   -0.40280232   -0.39943395   -0.39723447   -0.37531636
   -0.34880126   -0.33572866   -0.3345324    -0.33230548   -0.30140543
   -0.29584577   -0.27118479   -0.26608546   -0.24088589   -0.22327955
   -0.21662288    0.11802873    0.16572761    0.20517673    0.23811553
    0.25703395    0.30187745    0.32864649    0.33402226    0.34873694
    0.36606112    0.43131462    0.48414825    0.51715698    0.5260082
    0.53188784    0.53613649    0.54224177    0.55040072    0.56104431
    0.56364135    0.57706909    0.57961191    0.58707953    0.60134612
    0.60326983    0.62558038    0.6346503     0.63720886    0.63876701
    0.64437151    0.64851544    0.66337521    0.67493589    0.67652431
    0.68399176    0.68597157    0.6970719     0.69935246    0.70505183
    0.71030981    0.72555246    0.72567097    0.72611744    0.73256588
    0.73567199    0.74511561    0.75096798    0.75740821    0.76450178
    0.76850835    0.77527974    0.78164287    0.79356739    0.81527272
    0.82686311    0.84408437    0.85368609    0.88068351    0.89197682
    0.89526748    0.90734809    0.92134115    0.95868759    0.9749826
    1.00755789    1.01201446    1.01834228    1.06436785    1.10703056
    1.16759916]
E1 = -8931.475798756197  E_coul = 3869.3834887048333
cycle= 11 E= -1851.22988217629  delta_E= -4.13e-07  |g|= 0.000419  |ddm|= 0.00216
    CPU time for cycle= 11      1.50 sec, wall time      0.07 sec
diis-norm(errvec)=0.000592222
diis-c [-9.25373488e-08 -4.93325282e-01  3.54637679e-01  1.13825090e+00
 -1.85350290e-03 -7.64054196e-03  1.53837093e-02  3.69413712e-02
 -4.23943287e-02]
  HOMO = -0.216612352315376  LUMO = 0.118043600085598
  mo_energy =
[-103.70197782  -20.23789163  -20.22071899  -15.52312842  -15.43098565
  -15.41821512  -15.37442166  -15.362166    -15.34925798  -15.34862387
  -11.15237606  -11.14542307  -11.11677782  -11.11394162  -11.11324092
  -11.10635175  -11.10032912  -11.09919819  -11.09176755  -11.08622455
  -11.08613006  -11.08535542  -11.08224008  -11.07608834  -11.07518644
  -11.07111114  -11.06910618  -11.06409547  -11.03886451  -11.03145124
  -11.02980714  -11.02685698  -11.0059252   -10.38350501   -7.82766152
   -7.82213693   -7.82207064   -1.3864876    -1.31334283   -1.3029374
   -1.26026281   -1.20076121   -1.18754382   -1.18579812   -1.17982593
   -1.10211019   -1.08050218   -1.03343424   -1.02353742   -1.02090503
   -1.01338781   -0.97944069   -0.96822923   -0.95822464   -0.93398972
   -0.91966636   -0.86490496   -0.85897866   -0.83609929   -0.81214969
   -0.78927211   -0.78581194   -0.77662086   -0.76314971   -0.75235792
   -0.74050133   -0.73587696   -0.69875551   -0.68319662   -0.66901629
   -0.65991977   -0.65316075   -0.63316642   -0.62824122   -0.62460677
   -0.61675001   -0.60732826   -0.59451196   -0.59048901   -0.5789203
   -0.56539739   -0.56416921   -0.56011084   -0.55749306   -0.55000512
   -0.54263845   -0.53602702   -0.53366973   -0.52770457   -0.51591083
   -0.51147897   -0.50498156   -0.5002809    -0.49572455   -0.49284375
   -0.48736649   -0.47678506   -0.46968782   -0.46678869   -0.45920172
   -0.45362571   -0.45199413   -0.43350056   -0.4298562    -0.42338174
   -0.40757525   -0.40281186   -0.39944718   -0.39723855   -0.37532685
   -0.34879421   -0.33578162   -0.33455168   -0.3323316    -0.30140531
   -0.29585624   -0.2712009    -0.26607927   -0.24088068   -0.2232732
   -0.21661235    0.1180436     0.16573702    0.20518006    0.23811941
    0.25703789    0.30186211    0.32861851    0.33402688    0.34873742
    0.36606436    0.43133482    0.48415811    0.51716474    0.52599316
    0.53187369    0.53612044    0.54222327    0.55039232    0.56105222
    0.56361421    0.57708711    0.57960216    0.58706977    0.60134723
    0.60326977    0.62557609    0.63465212    0.63716553    0.63873535
    0.64436862    0.64850226    0.66338779    0.67493384    0.67653269
    0.68399547    0.68596905    0.69706391    0.69935323    0.70505416
    0.71030073    0.72556755    0.72570578    0.72615165    0.73259207
    0.7356685     0.74509849    0.7509574     0.75739924    0.76450677
    0.76850816    0.77526945    0.78164106    0.79354565    0.81527703
    0.82684749    0.84409685    0.85368832    0.88067855    0.89197137
    0.89523285    0.90734469    0.92134909    0.95870046    0.97493739
    1.00757176    1.01200044    1.01833981    1.06438368    1.1070359
    1.16764018]
E1 = -8931.474280539105  E_coul = 3869.3819702931687
cycle= 12 E= -1851.22988237086  delta_E= -1.95e-07  |g|= 0.000149  |ddm|= 0.00181
    CPU time for cycle= 12      1.49 sec, wall time      0.07 sec
diis-norm(errvec)=0.000210867
diis-c [-2.05475929e-08 -5.32543528e-02 -1.45109559e-01 -2.98740858e-03
  1.17046036e+00 -3.02356343e-04  6.98217745e-04  4.86179274e-03
  2.56333027e-02]
  HOMO = -0.216617784989883  LUMO = 0.118042716921052
  mo_energy =
[-103.70198014  -20.2378656   -20.22068561  -15.5231129   -15.4309583
  -15.41820237  -15.37439002  -15.36217619  -15.34923343  -15.34865368
  -11.15239478  -11.14544278  -11.11674488  -11.11396694  -11.11326332
  -11.10637263  -11.10033427  -11.09922276  -11.09180241  -11.08624269
  -11.08613993  -11.08540233  -11.08225437  -11.07611027  -11.07517815
  -11.07112812  -11.06912088  -11.06409758  -11.03886459  -11.03149606
  -11.02976235  -11.02687872  -11.00594274  -10.38350807   -7.8276646
   -7.82213994   -7.82207367   -1.38647947   -1.31334038   -1.30293276
   -1.26025492   -1.20075306   -1.18755861   -1.18579777   -1.1798316
   -1.10212163   -1.08051325   -1.03344878   -1.02354324   -1.02090521
   -1.01339777   -0.97945247   -0.96823635   -0.95823185   -0.9339978
   -0.91967211   -0.86491265   -0.85898692   -0.83610564   -0.81215414
   -0.7892781    -0.78581565   -0.77663054   -0.76315594   -0.75236096
   -0.7405068    -0.73588159   -0.69876732   -0.68320169   -0.66902746
   -0.65992678   -0.65316631   -0.63317644   -0.62825487   -0.62460323
   -0.61675591   -0.60733114   -0.59451505   -0.59049718   -0.57892545
   -0.56540279   -0.56417805   -0.56011616   -0.55749747   -0.55000979
   -0.54264521   -0.53602768   -0.53365511   -0.52770834   -0.51591568
   -0.51148339   -0.50498277   -0.50028964   -0.49572757   -0.49285158
   -0.48737282   -0.47678813   -0.46969211   -0.46679525   -0.45920996
   -0.45363726   -0.45200236   -0.43350442   -0.42985709   -0.4233842
   -0.40758079   -0.4028127    -0.39943913   -0.39724256   -0.37531723
   -0.3487973    -0.33577801   -0.33454574   -0.33232968   -0.30140156
   -0.29586127   -0.27121184   -0.26608422   -0.24088583   -0.22327259
   -0.21661778    0.11804272    0.16573074    0.20517436    0.23811607
    0.257033      0.30185681    0.32861314    0.33402165    0.3487369
    0.36605003    0.43132598    0.48415319    0.51716679    0.52597918
    0.53186731    0.53611       0.54220886    0.5503858     0.56104825
    0.56359697    0.57707812    0.57959292    0.5870636     0.60134083
    0.6032631     0.62556574    0.63464377    0.63715017    0.63872415
    0.64436695    0.64849337    0.66338095    0.67492629    0.67652442
    0.6839879     0.68596497    0.69705587    0.69935038    0.70504633
    0.71029049    0.72556383    0.72570897    0.72615678    0.7325897
    0.73565903    0.74508746    0.75094725    0.75739013    0.76450063
    0.76849998    0.77525924    0.78163944    0.7935327     0.8152754
    0.82683637    0.84408965    0.85368633    0.88066912    0.89196264
    0.89521575    0.90733866    0.92134384    0.95869421    0.97493067
    1.00756649    1.01199498    1.018338      1.06437371    1.10703775
    1.16762496]
E1 = -8931.474327966418  E_coul = 3869.382017689344
cycle= 13 E= -1851.229882402  delta_E= -3.11e-08  |g|= 6.86e-05  |ddm|= 0.000694
    CPU time for cycle= 13      1.47 sec, wall time      0.07 sec
diis-norm(errvec)=9.70136e-05
diis-c [-4.90467708e-09  4.84773742e-02 -3.97315657e-02 -1.86883547e-01
  5.11851952e-02  1.12378137e+00  1.42895897e-04 -6.73256977e-03
  9.76084226e-03]
  HOMO = -0.216617699850722  LUMO = 0.118042983296878
  mo_energy =
[-103.70197817  -20.23787534  -20.22070188  -15.52313599  -15.43096861
  -15.41821545  -15.37439508  -15.36217948  -15.34923995  -15.34866229
  -11.15238803  -11.14545027  -11.11675598  -11.113961    -11.11326791
  -11.106369    -11.1003291   -11.0992198   -11.09178603  -11.08623422
  -11.08614031  -11.08538844  -11.0822506   -11.07609858  -11.07518589
  -11.07112697  -11.06911955  -11.0640943   -11.03886776  -11.03152697
  -11.0297301   -11.02686697  -11.00594025  -10.3835058    -7.82766231
   -7.82213768   -7.82207142   -1.38648852   -1.31334629   -1.30293896
   -1.2602601    -1.20075786   -1.18756171   -1.18579967   -1.17983282
   -1.10211961   -1.08051071   -1.03345096   -1.02354269   -1.02090767
   -1.01339705   -0.97945346   -0.96823639   -0.95823315   -0.93399548
   -0.91967225   -0.86491315   -0.85898711   -0.83610492   -0.81215374
   -0.78927784   -0.78581664   -0.77663072   -0.76315516   -0.75236199
   -0.74050792   -0.73588269   -0.69876867   -0.68320123   -0.66902838
   -0.65992655   -0.65316558   -0.6331786    -0.62826194   -0.624609
   -0.61675547   -0.60733219   -0.59451537   -0.59049641   -0.57892639
   -0.56540274   -0.56417914   -0.5601161    -0.5574996    -0.55001138
   -0.54264543   -0.53602829   -0.53364648   -0.52770635   -0.51591486
   -0.51148126   -0.50498431   -0.50028863   -0.49572765   -0.4928518
   -0.48737312   -0.47678972   -0.46969544   -0.46679369   -0.45920907
   -0.45363751   -0.45200342   -0.43350484   -0.42985786   -0.42338493
   -0.40758067   -0.40281237   -0.39944231   -0.39724011   -0.37532027
   -0.34879655   -0.33578713   -0.33454742   -0.33233834   -0.30140357
   -0.29586512   -0.27121818   -0.26608401   -0.2408858    -0.2232716
   -0.2166177     0.11804298    0.16572964    0.20517649    0.23811477
    0.25703422    0.30185509    0.32860939    0.3340213     0.34873628
    0.36605679    0.43132629    0.48415454    0.51716218    0.5259783
    0.53186617    0.53610834    0.5422072     0.55038478    0.56104597
    0.56359386    0.57707928    0.57959283    0.58706266    0.60134002
    0.6032624     0.62556674    0.63464498    0.63714433    0.63872042
    0.64436619    0.64849319    0.66338127    0.67492644    0.67652644
    0.68398949    0.68596422    0.69705362    0.69934829    0.70504769
    0.71029133    0.72556478    0.72571452    0.72616311    0.73259436
    0.7356603     0.74508702    0.7509479     0.75739012    0.7645005
    0.76850139    0.77525993    0.781639      0.79352994    0.81527392
    0.82683587    0.84409169    0.8536863     0.8806696     0.89196204
    0.89521022    0.90733957    0.92134496    0.95869433    0.97492337
    1.0075646     1.0119922     1.01833546    1.06437708    1.10703605
    1.16762722]
E1 = -8931.474152515413  E_coul = 3869.3818422319405
cycle= 14 E= -1851.2298824084  delta_E= -6.4e-09  |g|= 3.28e-05  |ddm|= 0.00033
    CPU time for cycle= 14      1.47 sec, wall time      0.07 sec
diis-norm(errvec)=4.6323e-05
diis-c [-1.12526046e-09  9.55442630e-03  3.47581592e-02  1.08330238e-02
 -3.27031105e-01  7.86110932e-02  1.19795018e+00 -2.44200434e-03
 -2.23377532e-03]
  HOMO = -0.216618587769608  LUMO = 0.118042442897664
  mo_energy =
[-103.70197628  -20.23787981  -20.22070333  -15.5231281   -15.43096158
  -15.41820705  -15.37439196  -15.3621766   -15.34923658  -15.34865439
  -11.15239018  -11.14545187  -11.11675925  -11.11395958  -11.11326385
  -11.10636953  -11.10033519  -11.09921977  -11.09178805  -11.08623791
  -11.08613327  -11.08539434  -11.08224872  -11.07610902  -11.07518112
  -11.07112684  -11.06911966  -11.06410143  -11.03886852  -11.03153518
  -11.02972138  -11.02687373  -11.00594319  -10.38350426   -7.82766075
   -7.82213615   -7.82206989   -1.3864853    -1.31334773   -1.30294063
   -1.26025841   -1.20075658   -1.18756059   -1.18579892   -1.17983208
   -1.10212097   -1.08051143   -1.03345076   -1.02354347   -1.02090756
   -1.01339605   -0.97945354   -0.96823733   -0.95823347   -0.93399661
   -0.91967205   -0.86491332   -0.8589871    -0.83610423   -0.81215423
   -0.78927739   -0.78581784   -0.77663061   -0.76315564   -0.75236215
   -0.74050697   -0.73588207   -0.69876815   -0.68320181   -0.6690282
   -0.65992703   -0.65316779   -0.63317888   -0.62826366   -0.62460679
   -0.61675563   -0.60733224   -0.59451552   -0.59049577   -0.57892553
   -0.565403     -0.56417897   -0.56011652   -0.55749954   -0.55001127
   -0.5426456    -0.53602995   -0.53364416   -0.527706     -0.51591424
   -0.51148371   -0.50498439   -0.50028926   -0.4957272    -0.49285182
   -0.48737344   -0.4767898    -0.46969639   -0.46679386   -0.45920947
   -0.45363744   -0.45200365   -0.43350441   -0.42985818   -0.42338435
   -0.40758055   -0.4028118    -0.39944045   -0.39724007   -0.37531817
   -0.34879739   -0.33578908   -0.33454719   -0.33233945   -0.30140322
   -0.29586492   -0.27121787   -0.26608495   -0.24088637   -0.2232704
   -0.21661859    0.11804244    0.16572922    0.20517561    0.2381142
    0.25703234    0.30185465    0.32860914    0.33402131    0.34873525
    0.36605579    0.43132587    0.48415255    0.51716356    0.52597951
    0.5318675     0.53610912    0.54220797    0.55038626    0.5610459
    0.56359362    0.57707786    0.57959308    0.58706327    0.60134037
    0.60326232    0.62556642    0.63464445    0.63714311    0.63871952
    0.64436528    0.64849341    0.66337954    0.67492642    0.67652516
    0.68398956    0.68596493    0.69705255    0.69934843    0.70504738
    0.71029125    0.72556473    0.7257163     0.72616504    0.73259611
    0.73566078    0.745087      0.75094802    0.75738999    0.76449916
    0.76850043    0.77526036    0.78163816    0.79353038    0.8152735
    0.82683585    0.84408967    0.85368505    0.88066973    0.89196111
    0.89521016    0.90733974    0.92134361    0.95869325    0.97492179
    1.00756465    1.01199179    1.01833647    1.06437461    1.10703471
    1.16762543]
E1 = -8931.474131456353  E_coul = 3869.3818211714365
cycle= 15 E= -1851.22988240984  delta_E= -1.44e-09  |g|= 1.36e-05  |ddm|= 0.000149
    CPU time for cycle= 15      1.51 sec, wall time      0.07 sec
diis-norm(errvec)=1.92082e-05
diis-c [-2.60844020e-10 -5.64188571e-03  1.11202723e-02  3.78496590e-02
 -9.49379785e-02 -9.01042686e-02  1.42117265e-01  1.00064355e+00
 -1.04661342e-03]
  HOMO = -0.216618419565192  LUMO = 0.118042005866668
  mo_energy =
[-103.70197486  -20.23787531  -20.2207022   -15.52313166  -15.43096168
  -15.41820833  -15.3743922   -15.36217641  -15.34923598  -15.34865713
  -11.15239084  -11.14545257  -11.1167575   -11.11396115  -11.11326624
  -11.10637051  -11.10033534  -11.09922133  -11.09178819  -11.08623922
  -11.08613582  -11.08539779  -11.08224986  -11.07610611  -11.07518109
  -11.07112758  -11.06912035  -11.06409852  -11.03886569  -11.03153456
  -11.02972258  -11.02687128  -11.00594218  -10.38350297   -7.82765945
   -7.82213486   -7.8220686    -1.38648646   -1.31334706   -1.30293983
   -1.26025828   -1.20075685   -1.18756131   -1.18579899   -1.17983223
   -1.10212102   -1.08051153   -1.03345128   -1.02354286   -1.02090776
   -1.01339651   -0.97945393   -0.96823712   -0.95823376   -0.93399618
   -0.91967219   -0.86491396   -0.85898761   -0.83610459   -0.81215411
   -0.78927778   -0.78581787   -0.77663094   -0.76315569   -0.7523618
   -0.74050719   -0.73588213   -0.69876868   -0.68320197   -0.66902869
   -0.65992763   -0.65316813   -0.63317909   -0.62826372   -0.62460756
   -0.61675575   -0.60733227   -0.59451548   -0.59049588   -0.5789258
   -0.56540326   -0.56417949   -0.56011658   -0.55749954   -0.5500113
   -0.54264574   -0.53602981   -0.53364439   -0.52770624   -0.51591444
   -0.51148282   -0.50498464   -0.50028967   -0.49572748   -0.49285217
   -0.48737366   -0.47679005   -0.46969622   -0.46679375   -0.45920922
   -0.45363799   -0.45200403   -0.43350448   -0.42985827   -0.42338404
   -0.40758089   -0.40281154   -0.39944024   -0.39723922   -0.37531808
   -0.34879672   -0.33578728   -0.33454649   -0.33233909   -0.30140298
   -0.29586469   -0.27121807   -0.2660845    -0.24088629   -0.22327013
   -0.21661842    0.11804201    0.1657281     0.20517589    0.23811396
    0.25703289    0.30185465    0.32860962    0.33402138    0.34873564
    0.3660565     0.43132542    0.48415331    0.51716302    0.52597871
    0.53186699    0.53610849    0.54220724    0.55038582    0.56104506
    0.56359292    0.57707772    0.57959268    0.58706298    0.60133977
    0.60326165    0.62556629    0.63464448    0.63714284    0.63871935
    0.64436568    0.64849304    0.6633801     0.67492601    0.67652541
    0.68398943    0.68596462    0.69705222    0.69934816    0.70504715
    0.71029085    0.72556439    0.72571588    0.72616463    0.73259547
    0.73566018    0.7450865     0.75094756    0.75738964    0.76449848
    0.76850018    0.77525997    0.78163861    0.79352989    0.81527309
    0.82683542    0.84409013    0.8536851     0.88066957    0.8919613
    0.89520966    0.9073396     0.92134387    0.95869291    0.97492236
    1.00756404    1.01199168    1.01833624    1.06437537    1.10703576
    1.16762536]
E1 = -8931.474144212914  E_coul = 3869.381833927768
cycle= 16 E= -1851.22988241007  delta_E= -2.31e-10  |g|= 7.24e-06  |ddm|= 4.76e-05
    CPU time for cycle= 16      1.79 sec, wall time      0.10 sec
  HOMO = -0.216618850563867  LUMO = 0.118042002650301
  mo_energy =
[-103.70197494  -20.23787632  -20.22070261  -15.52313061  -15.43095975
  -15.41820786  -15.37439053  -15.36217668  -15.34923453  -15.34865688
  -11.15239022  -11.14545164  -11.11675707  -11.11396087  -11.11326711
  -11.1063701   -11.10033564  -11.09922086  -11.09178844  -11.08623895
  -11.08613433  -11.08539899  -11.08224943  -11.07610896  -11.07518098
  -11.07112742  -11.0691201   -11.0640999   -11.03886779  -11.03153495
  -11.0297219   -11.02687402  -11.00594417  -10.38350306   -7.82765955
   -7.82213496   -7.8220687    -1.38648592   -1.31334704   -1.30293984
   -1.26025802   -1.20075642   -1.18756106   -1.18579867   -1.1798321
   -1.10212168   -1.08051191   -1.03345103   -1.02354348   -1.02090782
   -1.01339632   -0.97945381   -0.9682376    -0.95823359   -0.93399662
   -0.9196721    -0.86491408   -0.85898762   -0.83610441   -0.81215438
   -0.78927757   -0.78581824   -0.77663078   -0.76315591   -0.75236223
   -0.74050719   -0.73588225   -0.6987685    -0.68320232   -0.6690285
   -0.65992788   -0.65316846   -0.63317907   -0.62826366   -0.62460737
   -0.61675586   -0.60733244   -0.59451551   -0.590496     -0.57892573
   -0.56540344   -0.56417936   -0.56011681   -0.55749951   -0.55001132
   -0.54264581   -0.53603006   -0.53364427   -0.52770641   -0.51591456
   -0.51148358   -0.50498465   -0.50029014   -0.49572737   -0.49285207
   -0.48737366   -0.47678999   -0.46969626   -0.46679387   -0.45920957
   -0.4536378    -0.45200388   -0.43350439   -0.42985831   -0.42338392
   -0.40758125   -0.40281145   -0.39943979   -0.39723943   -0.37531763
   -0.34879732   -0.33578755   -0.33454623   -0.33233919   -0.301403
   -0.29586456   -0.27121782   -0.26608488   -0.24088656   -0.22326989
   -0.21661885    0.118042      0.1657279     0.2051755     0.23811384
    0.25703254    0.30185477    0.32860973    0.33402108    0.34873541
    0.36605618    0.4313249     0.48415264    0.51716318    0.52597905
    0.5318673     0.53610882    0.54220749    0.55038596    0.56104496
    0.56359326    0.57707713    0.57959276    0.58706313    0.60133972
    0.60326156    0.62556615    0.63464418    0.637143      0.63871952
    0.64436543    0.64849317    0.66337934    0.67492612    0.67652499
    0.68398932    0.68596468    0.69705219    0.69934811    0.70504702
    0.71029102    0.72556425    0.72571601    0.72616473    0.73259573
    0.73566041    0.74508671    0.7509477     0.75738975    0.7644983
    0.76849998    0.77526007    0.78163838    0.79353009    0.81527301
    0.8268356     0.84408944    0.85368482    0.88066949    0.89196102
    0.89520985    0.9073396     0.92134338    0.95869249    0.97492252
    1.00756378    1.01199179    1.01833625    1.06437451    1.10703513
    1.16762413]
E1 = -8931.474166935925  E_coul = 3869.3818566507316
Extra cycle  E= -1851.22988241012  delta_E= -4.64e-11  |g|= 4.55e-06  |ddm|= 1.66e-05
    CPU time for scf_cycle     51.07 sec, wall time      3.26 sec
    CPU time for SCF     51.13 sec, wall time      3.27 sec
converged SCF energy = -1851.22988241012
